2026-04-27 13:32:55,095 INFO Set uid to user 0 succeeded
2026-04-27 13:32:55,096 INFO supervisord started with pid 1
2026-04-27 13:32:56,099 INFO spawned: 'php-fpm' with pid 8
2026-04-27 13:32:57,137 INFO success: php-fpm entered RUNNING state, process has stayed up for > than 1 seconds (startsecs)
2026-04-27 15:03:25,340 WARN received SIGQUIT indicating exit request
2026-04-27 15:03:25,341 INFO waiting for php-fpm to die
2026-04-27 15:03:26,349 INFO stopped: php-fpm (exit status 0)
2026-04-27 15:03:27,009 INFO Set uid to user 0 succeeded
2026-04-27 15:03:27,010 INFO supervisord started with pid 1
2026-04-27 15:03:28,013 INFO spawned: 'php-fpm' with pid 7
2026-04-27 15:03:29,052 INFO success: php-fpm entered RUNNING state, process has stayed up for > than 1 seconds (startsecs)
2026-04-27 15:04:01,084 WARN received SIGQUIT indicating exit request
2026-04-27 15:04:01,084 INFO waiting for php-fpm to die
2026-04-27 15:04:01,088 INFO stopped: php-fpm (exit status 0)
2026-04-27 15:04:01,630 INFO Set uid to user 0 succeeded
2026-04-27 15:04:01,631 INFO supervisord started with pid 1
2026-04-27 15:04:02,633 INFO spawned: 'php-fpm' with pid 7
2026-04-27 15:04:03,670 INFO success: php-fpm entered RUNNING state, process has stayed up for > than 1 seconds (startsecs)
2026-04-27 15:05:38,764 WARN received SIGQUIT indicating exit request
2026-04-27 15:05:38,765 INFO waiting for php-fpm to die
2026-04-27 15:05:38,768 INFO stopped: php-fpm (exit status 0)
2026-04-27 15:05:39,473 INFO Set uid to user 0 succeeded
2026-04-27 15:05:39,475 INFO supervisord started with pid 1
2026-04-27 15:05:40,478 INFO spawned: 'php-fpm' with pid 7
2026-04-27 15:05:41,515 INFO success: php-fpm entered RUNNING state, process has stayed up for > than 1 seconds (startsecs)
2026-04-27 16:05:31,787 WARN received SIGQUIT indicating exit request
2026-04-27 16:05:31,788 INFO waiting for php-fpm to die
2026-04-27 16:05:32,796 INFO stopped: php-fpm (exit status 0)
2026-04-27 16:06:07,597 INFO Set uid to user 0 succeeded
2026-04-27 16:06:07,600 INFO supervisord started with pid 1
2026-04-27 16:06:08,603 INFO spawned: 'php-fpm' with pid 7
2026-04-27 16:06:09,697 INFO success: php-fpm entered RUNNING state, process has stayed up for > than 1 seconds (startsecs)
2026-04-27 16:06:24,715 WARN received SIGQUIT indicating exit request
2026-04-27 16:06:24,715 INFO waiting for php-fpm to die
2026-04-27 16:06:25,720 INFO stopped: php-fpm (exit status 0)
2026-04-27 16:07:02,119 INFO Set uid to user 0 succeeded
2026-04-27 16:07:02,122 INFO supervisord started with pid 1
2026-04-27 16:07:03,124 INFO spawned: 'php-fpm' with pid 7
2026-04-27 16:07:04,211 INFO success: php-fpm entered RUNNING state, process has stayed up for > than 1 seconds (startsecs)
2026-04-27 16:09:19,770 WARN received SIGQUIT indicating exit request
2026-04-27 16:09:19,771 INFO waiting for php-fpm to die
2026-04-27 16:09:20,778 INFO stopped: php-fpm (exit status 0)
2026-04-27 16:09:57,612 INFO Set uid to user 0 succeeded
2026-04-27 16:09:57,615 INFO supervisord started with pid 1
2026-04-27 16:09:58,619 INFO spawned: 'php-fpm' with pid 7
2026-04-27 16:09:59,726 INFO success: php-fpm entered RUNNING state, process has stayed up for > than 1 seconds (startsecs)
2026-04-27 16:10:01,729 WARN received SIGQUIT indicating exit request
2026-04-27 16:10:01,729 INFO waiting for php-fpm to die
2026-04-27 16:10:02,733 INFO stopped: php-fpm (exit status 0)
2026-04-27 17:07:18,849 INFO Set uid to user 0 succeeded
2026-04-27 17:07:18,851 INFO supervisord started with pid 1
2026-04-27 17:07:19,853 INFO spawned: 'php-fpm' with pid 7
2026-04-27 17:07:20,951 INFO success: php-fpm entered RUNNING state, process has stayed up for > than 1 seconds (startsecs)
2026-04-27 19:44:09,878 INFO Set uid to user 0 succeeded
2026-04-27 19:44:09,879 INFO supervisord started with pid 1
2026-04-27 19:44:10,881 INFO spawned: 'php-fpm' with pid 7
2026-04-27 19:44:11,902 INFO success: php-fpm entered RUNNING state, process has stayed up for > than 1 seconds (startsecs)
2026-04-27 20:39:13,163 WARN received SIGQUIT indicating exit request
2026-04-27 20:39:13,163 INFO waiting for php-fpm to die
2026-04-27 20:39:13,172 INFO stopped: php-fpm (exit status 0)
2026-04-27 20:40:29,546 INFO supervisord started with pid 1
2026-04-27 20:40:30,549 INFO spawned: 'php-fpm' with pid 7
2026-04-27 20:40:31,569 INFO success: php-fpm entered RUNNING state, process has stayed up for > than 1 seconds (startsecs)
2026-04-27 20:42:22,697 WARN received SIGQUIT indicating exit request
2026-04-27 20:42:22,697 INFO waiting for php-fpm to die
2026-04-27 20:42:22,701 INFO stopped: php-fpm (exit status 0)
2026-04-27 20:42:31,828 INFO supervisord started with pid 1
2026-04-27 20:42:32,829 INFO spawned: 'php-fpm' with pid 6
2026-04-27 20:42:33,849 INFO success: php-fpm entered RUNNING state, process has stayed up for > than 1 seconds (startsecs)
2026-04-27 23:06:58,220 WARN received SIGQUIT indicating exit request
2026-04-27 23:06:58,221 INFO waiting for php-fpm to die
2026-04-27 23:06:58,230 INFO stopped: php-fpm (exit status 0)
2026-04-27 23:06:59,083 INFO supervisord started with pid 1
2026-04-27 23:07:00,086 INFO spawned: 'php-fpm' with pid 26
2026-04-27 23:07:01,154 INFO success: php-fpm entered RUNNING state, process has stayed up for > than 1 seconds (startsecs)
2026-04-27 23:11:17,637 WARN received SIGQUIT indicating exit request
2026-04-27 23:11:17,639 INFO waiting for php-fpm to die
2026-04-27 23:11:17,646 INFO stopped: php-fpm (exit status 0)
2026-04-27 23:11:19,023 INFO supervisord started with pid 1
2026-04-27 23:11:20,026 INFO spawned: 'php-fpm' with pid 25
2026-04-27 23:11:21,057 INFO success: php-fpm entered RUNNING state, process has stayed up for > than 1 seconds (startsecs)
2026-04-27 23:12:00,182 WARN received SIGQUIT indicating exit request
2026-04-27 23:12:00,183 INFO waiting for php-fpm to die
2026-04-27 23:12:00,192 INFO stopped: php-fpm (exit status 0)
2026-04-27 23:12:01,899 INFO supervisord started with pid 1
2026-04-27 23:12:02,901 INFO spawned: 'php-fpm' with pid 25
2026-04-27 23:12:03,967 INFO success: php-fpm entered RUNNING state, process has stayed up for > than 1 seconds (startsecs)
2026-04-27 23:16:26,325 INFO reaped unknown pid 98 (exit status 0)
2026-04-27 23:16:39,340 INFO reaped unknown pid 135 (exit status 0)
2026-04-27 23:20:08,580 WARN received SIGQUIT indicating exit request
2026-04-27 23:20:08,581 INFO waiting for php-fpm to die
2026-04-27 23:20:08,589 INFO stopped: php-fpm (exit status 0)
2026-04-27 23:20:09,856 INFO supervisord started with pid 1
2026-04-27 23:20:10,859 INFO spawned: 'php-fpm' with pid 7
2026-04-27 23:20:11,890 INFO success: php-fpm entered RUNNING state, process has stayed up for > than 1 seconds (startsecs)
2026-04-27 23:24:23,158 WARN received SIGQUIT indicating exit request
2026-04-27 23:24:23,160 INFO waiting for php-fpm to die
2026-04-27 23:24:24,171 INFO stopped: php-fpm (exit status 0)
2026-04-27 23:24:25,723 INFO supervisord started with pid 1
2026-04-27 23:24:26,726 INFO spawned: 'php-fpm' with pid 7
2026-04-27 23:24:27,752 INFO success: php-fpm entered RUNNING state, process has stayed up for > than 1 seconds (startsecs)
2026-04-27 23:24:55,167 INFO reaped unknown pid 79 (exit status 0)
2026-04-27 23:24:55,167 INFO reaped unknown pid 81 (exit status 0)
2026-04-27 23:24:55,167 INFO reaped unknown pid 84 (exit status 0)
2026-04-27 23:24:55,168 INFO reaped unknown pid 85 (exit status 0)
2026-04-27 23:24:55,168 INFO reaped unknown pid 114 (exit status 0)
2026-04-27 23:24:55,168 INFO reaped unknown pid 117 (exit status 0)
2026-04-27 23:24:55,168 INFO reaped unknown pid 154 (exit status 0)
2026-04-27 23:24:55,168 INFO reaped unknown pid 164 (exit status 0)
2026-04-27 23:24:55,168 INFO reaped unknown pid 107 (exit status 0)
2026-04-27 23:24:56,578 INFO reaped unknown pid 197 (exit status 0)
2026-04-27 23:24:56,578 INFO reaped unknown pid 199 (exit status 0)
2026-04-27 23:24:56,579 INFO reaped unknown pid 223 (exit status 0)
2026-04-27 23:24:56,579 INFO reaped unknown pid 231 (exit status 0)
2026-04-27 23:24:56,579 INFO reaped unknown pid 272 (exit status 0)
2026-04-27 23:24:56,579 INFO reaped unknown pid 281 (exit status 0)
2026-04-27 23:24:56,579 INFO reaped unknown pid 202 (exit status 0)
2026-04-27 23:24:56,579 INFO reaped unknown pid 203 (exit status 0)
2026-04-27 23:24:56,579 INFO reaped unknown pid 230 (exit status 0)
2026-04-27 23:25:10,234 INFO reaped unknown pid 324 (exit status 0)
2026-04-27 23:25:10,235 INFO reaped unknown pid 326 (exit status 0)
2026-04-27 23:25:10,235 INFO reaped unknown pid 357 (exit status 0)
2026-04-27 23:25:10,235 INFO reaped unknown pid 329 (exit status 0)
2026-04-27 23:25:10,235 INFO reaped unknown pid 330 (exit status 0)
2026-04-27 23:25:10,235 INFO reaped unknown pid 358 (exit status 0)
2026-04-27 23:25:10,235 INFO reaped unknown pid 398 (exit status 0)
2026-04-27 23:25:10,235 INFO reaped unknown pid 408 (exit status 0)
2026-04-27 23:25:10,235 INFO reaped unknown pid 350 (exit status 0)
2026-04-27 23:25:11,575 INFO reaped unknown pid 442 (exit status 0)
2026-04-27 23:25:11,575 INFO reaped unknown pid 444 (exit status 0)
2026-04-27 23:25:11,575 INFO reaped unknown pid 447 (exit status 0)
2026-04-27 23:25:11,575 INFO reaped unknown pid 448 (exit status 0)
2026-04-27 23:25:11,575 INFO reaped unknown pid 475 (exit status 0)
2026-04-27 23:25:11,575 INFO reaped unknown pid 468 (exit status 0)
2026-04-27 23:25:11,575 INFO reaped unknown pid 476 (exit status 0)
2026-04-27 23:25:11,575 INFO reaped unknown pid 517 (exit status 0)
2026-04-27 23:25:11,575 INFO reaped unknown pid 527 (exit status 0)
